<?xml version="1.0" encoding="UTF-8"?>
<!-- Generated by org.testng.reporters.JUnitXMLReporter -->
<testsuite ignored="1" hostname="Rakesh" failures="0" tests="1" name="Default test" time="2.091" errors="0" timestamp="2023-11-26T00:25:15 IST">
  <testcase classname="DirectRequests.ParsingXMLResponse" name="testXMLResponseUsingXMLPathClass" time="2.05"/>
  <testcase classname="DirectRequests.ParsingXMLResponse" name="testXMLResponse" time="0.0">
    <ignored/>
  </testcase> <!-- testXMLResponse -->
</testsuite> <!-- Default test -->
