<?xml version="1.0" encoding="UTF-8"?>
<testng-results ignored="1" total="2" passed="1" failed="0" skipped="0">
  <reporter-output>
  </reporter-output>
  <suite started-at="2023-11-26T00:25:12 IST" name="Default suite" finished-at="2023-11-26T00:25:15 IST" duration-ms="2091">
    <groups>
    </groups>
    <test started-at="2023-11-26T00:25:12 IST" name="Default test" finished-at="2023-11-26T00:25:15 IST" duration-ms="2091">
      <class name="DirectRequests.ParsingXMLResponse">
        <test-method signature="testXMLResponseUsingXMLPathClass()[pri:0, instance:DirectRequests.ParsingXMLResponse@659499f1]" started-at="2023-11-26T00:25:13 IST" name="testXMLResponseUsingXMLPathClass" finished-at="2023-11-26T00:25:15 IST" duration-ms="2050" status="PASS">
          <reporter-output>
          </reporter-output>
        </test-method> <!-- testXMLResponseUsingXMLPathClass -->
      </class> <!-- DirectRequests.ParsingXMLResponse -->
    </test> <!-- Default test -->
  </suite> <!-- Default suite -->
</testng-results>
